—жатие видео с битрейтом: 8000K
¬идео успешно сжато: D:\python\activity\media\event_videos\Green-Screen-Glitch-Grunge-Overlay-Effect-Layer.mp4
—жатие видео с битрейтом: 8000K
¬идео успешно сжато: D:\python\activity\media\event_videos\Green-Screen-Glitch-Grunge-Overlay-Effect-Layer_SX83ifB.mp4
—жатие видео с битрейтом: 8000K
¬идео успешно сжато: D:\python\activity\media\event_videos\Green-Screen-Glitch-Grunge-Overlay-Effect-Layer.mp4
—жатие видео с битрейтом: 8000K
¬идео успешно сжато: D:\python\activity\media\partner_video\Green-Screen-Glitch-Grunge-Overlay-Effect-Layer.mp4
—жатие видео с битрейтом: 8000K
¬идео успешно сжато: D:\python\activity\media\event_videos\Green-Screen-Glitch-Grunge-Overlay-Effect-Layer.mp4
—жатие видео с битрейтом: 8000K
¬идео успешно сжато: D:\python\activity\media\event_videos\Green-Screen-Glitch-Grunge-Overlay-Effect-Layer_G6Np90s.mp4
—жатие видео с битрейтом: 8000K
¬идео успешно сжато: D:\python\activity\media\event_videos\Green-Screen-Glitch-Grunge-Overlay-Effect-Layer_KntLAVK.mp4
—жатие видео с битрейтом: 8000K
¬идео успешно сжато: D:\python\activity\media\event_videos\Green-Screen-Glitch-Grunge-Overlay-Effect-Layer_VczkpFG.mp4
—жатие видео с битрейтом: 8000K
¬идео успешно сжато: D:\python\activity\media\event_videos\Green-Screen-Glitch-Grunge-Overlay-Effect-Layer_VqYkTDK.mp4
—жатие видео с битрейтом: 8000K
¬идео успешно сжато: D:\python\activity\media\event_videos\Green-Screen-Glitch-Grunge-Overlay-Effect-Layer_1ekzAM2.mp4
—жатие видео с битрейтом: 8000K
¬идео успешно сжато: D:\python\activity\media\event_videos\Green-Screen-Glitch-Grunge-Overlay-Effect-Layer.mp4
—жатие видео с битрейтом: 8000K
¬идео успешно сжато: D:\python\activity\media\event_videos\Green-Screen-Glitch-Grunge-Overlay-Effect-Layer_qjEu9nU.mp4
—жатие видео с битрейтом: 8000K
ќшибка при сжатии видео: Error passing `ffmpeg -i` command output:

[mov,mp4,m4a,3gp,3g2,mj2 @ 000001e02c060b80] moov atom not found
[in#0 @ 000001e02c060780] Error opening input: Invalid data found when processing input
Error opening input file D:\python\activity\media\partner_video\Green-Screen-Glitch-Grunge-Overlay-Effect-Layer.mp4.
Error opening input files: Invalid data found when processing input

